<?xml version="1.0" encoding="UTF-8"?>
<TestRun id="63277765-c2de-47af-9f2b-88f854fee2b0" name="Stewart@BAMBOO 2010-12-16 07:46:16" runUser="Bamboo\Stewart" xmlns="http://microsoft.com/schemas/VisualStudio/TeamTest/2010">
  <TestSettings name="Local" id="85ae9a2e-8e5f-4e76-b3d4-cd6049cda4b6">
    <Description>These are default test settings for a local test run.</Description>
    <Deployment enabled="false" runDeploymentRoot="Stewart_BAMBOO 2010-12-16 07_46_16">
      <DeploymentItem filename="C:\Pluralsight\MyFiles\S3\pluralsight-mediasource\john-brown\modules\dpl-state\WorkItemDomain\bin\Debug\WorkItemDomain.dll" />
      <DeploymentItem filename="C:\Pluralsight\MyFiles\S3\pluralsight-mediasource\john-brown\modules\dpl-state\State\bin\Debug\State.exe" />
    </Deployment>
    <Execution>
      <TestTypeSpecific>
        <UnitTestRunConfig testTypeId="13cdc9d9-ddb5-4fa4-a97d-d965ccfc6d4b">
          <AssemblyResolution>
            <TestDirectory useLoadContext="true" />
          </AssemblyResolution>
        </UnitTestRunConfig>
        <WebTestRunConfiguration testTypeId="4e7599fa-5ecb-43e9-a887-cd63cf72d207">
          <Browser name="Internet Explorer 7.0">
            <Headers>
              <Header name="User-Agent" value="Mozilla/4.0 (compatible; MSIE 7.0; Windows NT 5.1)" />
              <Header name="Accept" value="*/*" />
              <Header name="Accept-Language" value="{{$IEAcceptLanguage}}" />
              <Header name="Accept-Encoding" value="GZIP" />
            </Headers>
          </Browser>
        </WebTestRunConfiguration>
      </TestTypeSpecific>
      <AgentRule name="LocalMachineDefaultRole">
        <DataCollectors>
          <DataCollector uri="datacollector://microsoft/TestImpact/1.0" assemblyQualifiedName="Microsoft.VisualStudio.TraceCollector.TestImpactDataCollector, Microsoft.VisualStudio.TraceCollector, Version=10.0.0.0, Culture=neutral, PublicKeyToken=b03f5f7f11d50a3a" friendlyName="Test Impact">
          </DataCollector>
        </DataCollectors>
      </AgentRule>
    </Execution>
  </TestSettings>
  <Times creation="2010-12-16T07:46:16.1248396-05:00" queuing="2010-12-16T07:46:16.2658477-05:00" start="2010-12-16T07:46:18.7529899-05:00" finish="2010-12-16T07:46:21.1521272-05:00" />
  <ResultSummary outcome="Completed">
    <Counters total="3" executed="3" passed="3" error="0" failed="0" timeout="0" aborted="0" inconclusive="0" passedButRunAborted="0" notRunnable="0" notExecuted="0" disconnected="0" warning="0" completed="0" inProgress="0" pending="0" />
  </ResultSummary>
  <TestDefinitions>
    <UnitTest name="FindByIdTest" storage="c:\pluralsight\myfiles\s3\pluralsight-mediasource\john-brown\modules\dpl-state\state\workitemsimple.tests\bin\debug\workitemsimple.tests.dll" id="d4003831-8ec5-73a4-8bde-6a2b68c4ed61">
      <Execution id="25e4887a-5afb-4a2b-83ac-dac22057a81c" />
      <TestMethod codeBase="C:/Pluralsight/MyFiles/S3/pluralsight-mediasource/john-brown/modules/dpl-state/State/WorkItemSimple.Tests/bin/Debug/WorkItemSimple.Tests.DLL" adapterTypeName="Microsoft.VisualStudio.TestTools.TestTypes.Unit.UnitTestAdapter, Microsoft.VisualStudio.QualityTools.Tips.UnitTest.Adapter, Version=10.0.0.0, Culture=neutral, PublicKeyToken=b03f5f7f11d50a3a" className="WorkItemSimple.Tests.WorkItemTest, WorkItemSimple.Tests, Version=1.0.0.0, Culture=neutral, PublicKeyToken=null" name="FindByIdTest" />
    </UnitTest>
    <UnitTest name="StateTest" storage="c:\pluralsight\myfiles\s3\pluralsight-mediasource\john-brown\modules\dpl-state\state\workitemsimple.tests\bin\debug\workitemsimple.tests.dll" id="27409ce1-83ae-053c-1f87-9ac026ec6576">
      <Execution id="1ee75e06-f365-44a3-8d60-7f743bdfcf88" />
      <TestMethod codeBase="C:/Pluralsight/MyFiles/S3/pluralsight-mediasource/john-brown/modules/dpl-state/State/WorkItemSimple.Tests/bin/Debug/WorkItemSimple.Tests.DLL" adapterTypeName="Microsoft.VisualStudio.TestTools.TestTypes.Unit.UnitTestAdapter, Microsoft.VisualStudio.QualityTools.Tips.UnitTest.Adapter, Version=10.0.0.0, Culture=neutral, PublicKeyToken=b03f5f7f11d50a3a" className="WorkItemSimple.Tests.WorkItemTest, WorkItemSimple.Tests, Version=1.0.0.0, Culture=neutral, PublicKeyToken=null" name="StateTest" />
    </UnitTest>
    <UnitTest name="CreateTest" storage="c:\pluralsight\myfiles\s3\pluralsight-mediasource\john-brown\modules\dpl-state\state\workitemsimple.tests\bin\debug\workitemsimple.tests.dll" id="787300c5-c0c5-a677-77c0-fa2d272085d6">
      <Execution id="ed8677c7-bde2-49d1-bbfa-cca4001c6ce9" />
      <TestMethod codeBase="C:/Pluralsight/MyFiles/S3/pluralsight-mediasource/john-brown/modules/dpl-state/State/WorkItemSimple.Tests/bin/Debug/WorkItemSimple.Tests.DLL" adapterTypeName="Microsoft.VisualStudio.TestTools.TestTypes.Unit.UnitTestAdapter, Microsoft.VisualStudio.QualityTools.Tips.UnitTest.Adapter, Version=10.0.0.0, Culture=neutral, PublicKeyToken=b03f5f7f11d50a3a" className="WorkItemSimple.Tests.WorkItemTest, WorkItemSimple.Tests, Version=1.0.0.0, Culture=neutral, PublicKeyToken=null" name="CreateTest" />
    </UnitTest>
  </TestDefinitions>
  <TestLists>
    <TestList name="Results Not in a List" id="8c84fa94-04c1-424b-9868-57a2d4851a1d" />
    <TestList name="All Loaded Results" id="19431567-8539-422a-85d7-44ee4e166bda" />
  </TestLists>
  <TestEntries>
    <TestEntry testId="27409ce1-83ae-053c-1f87-9ac026ec6576" executionId="1ee75e06-f365-44a3-8d60-7f743bdfcf88" testListId="8c84fa94-04c1-424b-9868-57a2d4851a1d" />
    <TestEntry testId="787300c5-c0c5-a677-77c0-fa2d272085d6" executionId="ed8677c7-bde2-49d1-bbfa-cca4001c6ce9" testListId="8c84fa94-04c1-424b-9868-57a2d4851a1d" />
    <TestEntry testId="d4003831-8ec5-73a4-8bde-6a2b68c4ed61" executionId="25e4887a-5afb-4a2b-83ac-dac22057a81c" testListId="8c84fa94-04c1-424b-9868-57a2d4851a1d" />
  </TestEntries>
  <Results>
    <UnitTestResult executionId="1ee75e06-f365-44a3-8d60-7f743bdfcf88" testId="27409ce1-83ae-053c-1f87-9ac026ec6576" testName="StateTest" computerName="BAMBOO" duration="00:00:00.0503291" startTime="2010-12-16T07:46:19.0060044-05:00" endTime="2010-12-16T07:46:20.4580875-05:00" testType="13cdc9d9-ddb5-4fa4-a97d-d965ccfc6d4b" outcome="Passed" testListId="8c84fa94-04c1-424b-9868-57a2d4851a1d" relativeResultsDirectory="1ee75e06-f365-44a3-8d60-7f743bdfcf88">
      <DataCollectorMessages>
        <DataCollectorMessage timestamp="2010-12-16T07:46:20.4540872-05:00" dataCollectorUri="datacollector://microsoft/TestImpact/1.0" dataCollectorFriendlyName="Test Impact" agentName="BAMBOO" level="Warning">
          <Text>No Microsoft .NET applications were launched during the test run. Launch applications from Explorer or a new command prompt after a test case has started. If no .NET application is being tested, disable the Test Impact and IntelliTrace diagnostic data adapters.</Text>
        </DataCollectorMessage>
      </DataCollectorMessages>
    </UnitTestResult>
    <UnitTestResult executionId="ed8677c7-bde2-49d1-bbfa-cca4001c6ce9" testId="787300c5-c0c5-a677-77c0-fa2d272085d6" testName="CreateTest" computerName="BAMBOO" duration="00:00:00.0010402" startTime="2010-12-16T07:46:20.4650879-05:00" endTime="2010-12-16T07:46:20.4900893-05:00" testType="13cdc9d9-ddb5-4fa4-a97d-d965ccfc6d4b" outcome="Passed" testListId="8c84fa94-04c1-424b-9868-57a2d4851a1d" relativeResultsDirectory="ed8677c7-bde2-49d1-bbfa-cca4001c6ce9">
      <DataCollectorMessages>
        <DataCollectorMessage timestamp="2010-12-16T07:46:20.4770886-05:00" dataCollectorUri="datacollector://microsoft/TestImpact/1.0" dataCollectorFriendlyName="Test Impact" agentName="BAMBOO" level="Warning">
          <Text>No Microsoft .NET applications were launched during the test run. Launch applications from Explorer or a new command prompt after a test case has started. If no .NET application is being tested, disable the Test Impact and IntelliTrace diagnostic data adapters.</Text>
        </DataCollectorMessage>
      </DataCollectorMessages>
    </UnitTestResult>
    <UnitTestResult executionId="25e4887a-5afb-4a2b-83ac-dac22057a81c" testId="d4003831-8ec5-73a4-8bde-6a2b68c4ed61" testName="FindByIdTest" computerName="BAMBOO" duration="00:00:00.0014335" startTime="2010-12-16T07:46:20.4980898-05:00" endTime="2010-12-16T07:46:20.5120906-05:00" testType="13cdc9d9-ddb5-4fa4-a97d-d965ccfc6d4b" outcome="Passed" testListId="8c84fa94-04c1-424b-9868-57a2d4851a1d" relativeResultsDirectory="25e4887a-5afb-4a2b-83ac-dac22057a81c">
      <DataCollectorMessages>
        <DataCollectorMessage timestamp="2010-12-16T07:46:20.5110905-05:00" dataCollectorUri="datacollector://microsoft/TestImpact/1.0" dataCollectorFriendlyName="Test Impact" agentName="BAMBOO" level="Warning">
          <Text>No Microsoft .NET applications were launched during the test run. Launch applications from Explorer or a new command prompt after a test case has started. If no .NET application is being tested, disable the Test Impact and IntelliTrace diagnostic data adapters.</Text>
        </DataCollectorMessage>
      </DataCollectorMessages>
    </UnitTestResult>
  </Results>
</TestRun>