<?xml version="1.0" encoding="UTF-8"?>
<TestRun id="671f5826-9963-4b39-88f0-5f41efcafbdd" name="Stewart@BAMBOO 2010-12-16 07:45:26" runUser="Bamboo\Stewart" xmlns="http://microsoft.com/schemas/VisualStudio/TeamTest/2010">
  <TestSettings name="Local" id="85ae9a2e-8e5f-4e76-b3d4-cd6049cda4b6">
    <Description>These are default test settings for a local test run.</Description>
    <Deployment runDeploymentRoot="Stewart_BAMBOO 2010-12-16 07_45_26">
      <DeploymentItem filename="C:\Pluralsight\MyFiles\S3\pluralsight-mediasource\john-brown\modules\dpl-state\WorkItemDomain\bin\Debug\WorkItemDomain.dll" />
      <DeploymentItem filename="C:\Pluralsight\MyFiles\S3\pluralsight-mediasource\john-brown\modules\dpl-state\State\bin\Debug\State.exe" />
    </Deployment>
    <Execution>
      <TestTypeSpecific>
        <UnitTestRunConfig testTypeId="13cdc9d9-ddb5-4fa4-a97d-d965ccfc6d4b">
          <AssemblyResolution>
            <TestDirectory useLoadContext="true" />
          </AssemblyResolution>
        </UnitTestRunConfig>
        <WebTestRunConfiguration testTypeId="4e7599fa-5ecb-43e9-a887-cd63cf72d207">
          <Browser name="Internet Explorer 7.0">
            <Headers>
              <Header name="User-Agent" value="Mozilla/4.0 (compatible; MSIE 7.0; Windows NT 5.1)" />
              <Header name="Accept" value="*/*" />
              <Header name="Accept-Language" value="{{$IEAcceptLanguage}}" />
              <Header name="Accept-Encoding" value="GZIP" />
            </Headers>
          </Browser>
        </WebTestRunConfiguration>
      </TestTypeSpecific>
      <AgentRule name="LocalMachineDefaultRole">
        <DataCollectors>
          <DataCollector uri="datacollector://microsoft/CodeCoverage/1.0" assemblyQualifiedName="Microsoft.VisualStudio.TestTools.CodeCoverage.CoveragePlugIn, Microsoft.VisualStudio.QualityTools.Plugins.CodeCoverage, Version=10.0.0.0, Culture=neutral, PublicKeyToken=b03f5f7f11d50a3a" friendlyName="Code Coverage">
          </DataCollector>
          <DataCollector uri="datacollector://microsoft/TestImpact/1.0" assemblyQualifiedName="Microsoft.VisualStudio.TraceCollector.TestImpactDataCollector, Microsoft.VisualStudio.TraceCollector, Version=10.0.0.0, Culture=neutral, PublicKeyToken=b03f5f7f11d50a3a" friendlyName="Test Impact">
          </DataCollector>
        </DataCollectors>
      </AgentRule>
    </Execution>
  </TestSettings>
  <Times creation="2010-12-16T07:45:26.2059844-05:00" queuing="2010-12-16T07:45:26.4379977-05:00" start="2010-12-16T07:45:29.3521644-05:00" finish="2010-12-16T07:45:31.1962699-05:00" />
  <ResultSummary outcome="Warning">
    <Counters total="1" executed="1" passed="1" error="0" failed="0" timeout="0" aborted="0" inconclusive="0" passedButRunAborted="0" notRunnable="0" notExecuted="0" disconnected="0" warning="0" completed="0" inProgress="0" pending="0" />
    <RunInfos>
      <RunInfo computerName="BAMBOO" outcome="Warning" timestamp="2010-12-16T07:45:26.3739940-05:00">
        <Text>Warning: Disabling deployment is ignored for the test run because code coverage is enabled in the active test settings.</Text>
      </RunInfo>
    </RunInfos>
  </ResultSummary>
  <TestDefinitions>
    <UnitTest name="CreateTest" storage="c:\pluralsight\myfiles\s3\pluralsight-mediasource\john-brown\modules\dpl-state\state\workitemsimple.tests\bin\debug\workitemsimple.tests.dll" id="787300c5-c0c5-a677-77c0-fa2d272085d6">
      <Execution id="77eeb14c-021c-478a-8ac4-5c4af3a53f14" />
      <TestMethod codeBase="C:/Pluralsight/MyFiles/S3/pluralsight-mediasource/john-brown/modules/dpl-state/State/WorkItemSimple.Tests/bin/Debug/WorkItemSimple.Tests.DLL" adapterTypeName="Microsoft.VisualStudio.TestTools.TestTypes.Unit.UnitTestAdapter, Microsoft.VisualStudio.QualityTools.Tips.UnitTest.Adapter, Version=10.0.0.0, Culture=neutral, PublicKeyToken=b03f5f7f11d50a3a" className="WorkItemSimple.Tests.WorkItemTest, WorkItemSimple.Tests, Version=1.0.0.0, Culture=neutral, PublicKeyToken=null" name="CreateTest" />
    </UnitTest>
  </TestDefinitions>
  <TestLists>
    <TestList name="Results Not in a List" id="8c84fa94-04c1-424b-9868-57a2d4851a1d" />
    <TestList name="All Loaded Results" id="19431567-8539-422a-85d7-44ee4e166bda" />
  </TestLists>
  <TestEntries>
    <TestEntry testId="787300c5-c0c5-a677-77c0-fa2d272085d6" executionId="77eeb14c-021c-478a-8ac4-5c4af3a53f14" testListId="8c84fa94-04c1-424b-9868-57a2d4851a1d" />
  </TestEntries>
  <Results>
    <UnitTestResult executionId="77eeb14c-021c-478a-8ac4-5c4af3a53f14" testId="787300c5-c0c5-a677-77c0-fa2d272085d6" testName="CreateTest" computerName="BAMBOO" duration="00:00:00.0777115" startTime="2010-12-16T07:45:29.5471755-05:00" endTime="2010-12-16T07:45:30.4282259-05:00" testType="13cdc9d9-ddb5-4fa4-a97d-d965ccfc6d4b" outcome="Passed" testListId="8c84fa94-04c1-424b-9868-57a2d4851a1d" relativeResultsDirectory="77eeb14c-021c-478a-8ac4-5c4af3a53f14">
      <CollectorDataEntries>
        <Collector agentName="BAMBOO" uri="datacollector://microsoft/TestImpact/1.0" collectorDisplayName="Test Impact">
          <UriAttachments>
            <UriAttachment>
              <A href="BAMBOO\testimpact.xml">Test Impact Data</A>
            </UriAttachment>
          </UriAttachments>
        </Collector>
      </CollectorDataEntries>
    </UnitTestResult>
  </Results>
</TestRun>