<?xml version="1.0" encoding="UTF-8"?>
<TestRun id="62a8ff85-f76a-40d7-9f12-72b0aa3a38c0" name="Stewart@BAMBOO 2010-12-15 23:15:28" runUser="Bamboo\Stewart" xmlns="http://microsoft.com/schemas/VisualStudio/TeamTest/2010">
  <TestSettings name="Local" id="85ae9a2e-8e5f-4e76-b3d4-cd6049cda4b6">
    <Description>These are default test settings for a local test run.</Description>
    <Deployment runDeploymentRoot="Stewart_BAMBOO 2010-12-15 23_15_28">
      <DeploymentItem filename="C:\Pluralsight\MyFiles\S3\pluralsight-mediasource\john-brown\modules\dpl-state\State\WorkItemAdvanced\bin\Debug\WorkItemAdvanced.exe" />
      <DeploymentItem filename="C:\Pluralsight\MyFiles\S3\pluralsight-mediasource\john-brown\modules\dpl-state\WorkItemDomain\bin\Debug\WorkItemDomain.dll" />
    </Deployment>
    <Execution>
      <TestTypeSpecific>
        <UnitTestRunConfig testTypeId="13cdc9d9-ddb5-4fa4-a97d-d965ccfc6d4b">
          <AssemblyResolution>
            <TestDirectory useLoadContext="true" />
          </AssemblyResolution>
        </UnitTestRunConfig>
        <WebTestRunConfiguration testTypeId="4e7599fa-5ecb-43e9-a887-cd63cf72d207">
          <Browser name="Internet Explorer 7.0">
            <Headers>
              <Header name="User-Agent" value="Mozilla/4.0 (compatible; MSIE 7.0; Windows NT 5.1)" />
              <Header name="Accept" value="*/*" />
              <Header name="Accept-Language" value="{{$IEAcceptLanguage}}" />
              <Header name="Accept-Encoding" value="GZIP" />
            </Headers>
          </Browser>
        </WebTestRunConfiguration>
      </TestTypeSpecific>
      <AgentRule name="LocalMachineDefaultRole">
        <DataCollectors>
          <DataCollector uri="datacollector://microsoft/CodeCoverage/1.0" assemblyQualifiedName="Microsoft.VisualStudio.TestTools.CodeCoverage.CoveragePlugIn, Microsoft.VisualStudio.QualityTools.Plugins.CodeCoverage, Version=10.0.0.0, Culture=neutral, PublicKeyToken=b03f5f7f11d50a3a" friendlyName="Code Coverage">
          </DataCollector>
        </DataCollectors>
      </AgentRule>
    </Execution>
  </TestSettings>
  <Times creation="2010-12-15T23:15:28.9136942-05:00" queuing="2010-12-15T23:15:29.1097054-05:00" start="2010-12-15T23:15:29.1557080-05:00" finish="2010-12-15T23:15:29.8457475-05:00" />
  <ResultSummary outcome="Warning">
    <Counters total="1" executed="1" passed="1" error="0" failed="0" timeout="0" aborted="0" inconclusive="0" passedButRunAborted="0" notRunnable="0" notExecuted="0" disconnected="0" warning="0" completed="0" inProgress="0" pending="0" />
    <RunInfos>
      <RunInfo computerName="BAMBOO" outcome="Warning" timestamp="2010-12-15T23:15:29.0357012-05:00">
        <Text>Warning: Disabling deployment is ignored for the test run because code coverage is enabled in the active test settings.</Text>
      </RunInfo>
    </RunInfos>
  </ResultSummary>
  <TestDefinitions>
    <UnitTest name="StateTest" storage="c:\pluralsight\myfiles\s3\pluralsight-mediasource\john-brown\modules\dpl-state\state\workitemadvanced.tests\bin\debug\workitemadvanced.tests.dll" id="68279f75-e759-656d-c6b4-56970f499b41">
      <Execution id="be8cb635-ff05-4ea5-9a63-78483e27d8f4" />
      <TestMethod codeBase="C:/Pluralsight/MyFiles/S3/pluralsight-mediasource/john-brown/modules/dpl-state/State/WorkItemAdvanced.Tests/bin/Debug/WorkItemAdvanced.Tests.DLL" adapterTypeName="Microsoft.VisualStudio.TestTools.TestTypes.Unit.UnitTestAdapter, Microsoft.VisualStudio.QualityTools.Tips.UnitTest.Adapter, Version=10.0.0.0, Culture=neutral, PublicKeyToken=b03f5f7f11d50a3a" className="WorkItemAdvanced.Tests.WorkItemTest, WorkItemAdvanced.Tests, Version=1.0.0.0, Culture=neutral, PublicKeyToken=null" name="StateTest" />
    </UnitTest>
  </TestDefinitions>
  <TestLists>
    <TestList name="Results Not in a List" id="8c84fa94-04c1-424b-9868-57a2d4851a1d" />
    <TestList name="All Loaded Results" id="19431567-8539-422a-85d7-44ee4e166bda" />
  </TestLists>
  <TestEntries>
    <TestEntry testId="68279f75-e759-656d-c6b4-56970f499b41" executionId="be8cb635-ff05-4ea5-9a63-78483e27d8f4" testListId="8c84fa94-04c1-424b-9868-57a2d4851a1d" />
  </TestEntries>
  <Results>
    <UnitTestResult executionId="be8cb635-ff05-4ea5-9a63-78483e27d8f4" testId="68279f75-e759-656d-c6b4-56970f499b41" testName="StateTest" computerName="BAMBOO" duration="00:00:00.0263352" startTime="2010-12-15T23:15:29.5187288-05:00" endTime="2010-12-15T23:15:29.8217461-05:00" testType="13cdc9d9-ddb5-4fa4-a97d-d965ccfc6d4b" outcome="Passed" testListId="8c84fa94-04c1-424b-9868-57a2d4851a1d" relativeResultsDirectory="be8cb635-ff05-4ea5-9a63-78483e27d8f4">
    </UnitTestResult>
  </Results>
</TestRun>