<?xml version="1.0" encoding="UTF-8"?>
<TestRun id="2d745c25-4f21-434f-bcb3-52acff318a1e" name="Stewart@BAMBOO 2010-12-16 07:38:09" runUser="Bamboo\Stewart" xmlns="http://microsoft.com/schemas/VisualStudio/TeamTest/2010">
  <TestSettings name="Local" id="85ae9a2e-8e5f-4e76-b3d4-cd6049cda4b6">
    <Description>These are default test settings for a local test run.</Description>
    <Deployment enabled="false" runDeploymentRoot="Stewart_BAMBOO 2010-12-16 07_38_09" />
    <Execution>
      <TestTypeSpecific>
        <UnitTestRunConfig testTypeId="13cdc9d9-ddb5-4fa4-a97d-d965ccfc6d4b">
          <AssemblyResolution>
            <TestDirectory useLoadContext="true" />
          </AssemblyResolution>
        </UnitTestRunConfig>
        <WebTestRunConfiguration testTypeId="4e7599fa-5ecb-43e9-a887-cd63cf72d207">
          <Browser name="Internet Explorer 7.0">
            <Headers>
              <Header name="User-Agent" value="Mozilla/4.0 (compatible; MSIE 7.0; Windows NT 5.1)" />
              <Header name="Accept" value="*/*" />
              <Header name="Accept-Language" value="{{$IEAcceptLanguage}}" />
              <Header name="Accept-Encoding" value="GZIP" />
            </Headers>
          </Browser>
        </WebTestRunConfiguration>
      </TestTypeSpecific>
      <AgentRule name="LocalMachineDefaultRole">
        <DataCollectors>
          <DataCollector uri="datacollector://microsoft/CodeCoverage/1.0" assemblyQualifiedName="Microsoft.VisualStudio.TestTools.CodeCoverage.CoveragePlugIn, Microsoft.VisualStudio.QualityTools.Plugins.CodeCoverage, Version=10.0.0.0, Culture=neutral, PublicKeyToken=b03f5f7f11d50a3a" friendlyName="Code Coverage">
          </DataCollector>
          <DataCollector uri="datacollector://microsoft/TestImpact/1.0" assemblyQualifiedName="Microsoft.VisualStudio.TraceCollector.TestImpactDataCollector, Microsoft.VisualStudio.TraceCollector, Version=10.0.0.0, Culture=neutral, PublicKeyToken=b03f5f7f11d50a3a" friendlyName="Test Impact">
          </DataCollector>
        </DataCollectors>
      </AgentRule>
    </Execution>
  </TestSettings>
  <Times creation="2010-12-16T07:38:09.2909943-05:00" queuing="2010-12-16T07:38:09.2919944-05:00" start="2010-12-16T07:38:09.2919944-05:00" finish="2010-12-16T07:38:09.8120241-05:00" />
  <ResultSummary outcome="Error">
    <Counters total="7" error="0" failed="0" timeout="0" aborted="0" inconclusive="0" passedButRunAborted="0" notRunnable="0" notExecuted="7" disconnected="0" warning="0" passed="0" completed="0" inProgress="0" pending="0" />
    <RunInfos>
      <RunInfo computerName="BAMBOO" outcome="Error" timestamp="2010-12-16T07:38:09.8000234-05:00">
        <Text>Failed to queue test run 'Stewart@BAMBOO 2010-12-16 07:38:09': The system cannot find the file specified</Text>
        <Exception>System.ComponentModel.Win32Exception (0x80004005): The system cannot find the file specified
   at System.Diagnostics.Process.StartWithCreateProcess(ProcessStartInfo startInfo)
   at System.Diagnostics.Process.Start()
   at Microsoft.VisualStudio.TestTools.Agent.Win32ProcessLauncher.Launch(String exeFileName, String args, String workingDir, IEnumerable`1 environmentVariables, EventHandler processExitedHandler, Process&amp; process)
   at Microsoft.VisualStudio.TestTools.Agent.OutOfProcessStrategy.LaunchProcessHelper(AgentProcessStartupInfo agentProcessStartupInfo)
   at Microsoft.VisualStudio.TestTools.Agent.OutOfProcessStrategy.StartAgentProcess(AgentProcessStartupInfo agentProcessStartupInfo, Boolean restarting)
   at Microsoft.VisualStudio.TestTools.Agent.OutOfProcessStrategy.StartAgentProcess(AgentProcessStartupInfo agentProcessStartupInfo)
   at Microsoft.VisualStudio.TestTools.Agent.AgentProxy.StartAgentProcess(AgentProcessStartupInfo agentProcessStartupInfo)
   at Microsoft.VisualStudio.TestTools.Agent.AgentProcessProxyManager.StartTestAgentProcesses(AgentProcessStartupInfo agentProcessStartupInfo)
   at Microsoft.VisualStudio.TestTools.Agent.AgentProcessManager.StartAgentProcess(AgentProcessStartupInfo agentProcessStartupInfo, Boolean startDataCollectionAgent)
   at Microsoft.VisualStudio.TestTools.Agent.AgentProcessManager.StartAgentProcess(AgentProcessStartupInfo agentProcessStartupInfo, TestRunConfiguration testRunConfiguration)
   at Microsoft.VisualStudio.TestTools.TestManagement.LocalControllerProxy.StartProcess(TestRun run)
   at Microsoft.VisualStudio.TestTools.TestManagement.LocalControllerProxy.PrepareProcess(TestRun run)
   at Microsoft.VisualStudio.TestTools.TestManagement.LocalControllerProxy.InitializeController(TestRun run)
   at Microsoft.VisualStudio.TestTools.TestManagement.ControllerProxy.QueueTestRunWorker(Object state)</Exception>
      </RunInfo>
    </RunInfos>
  </ResultSummary>
  <TestDefinitions>
    <UnitTest name="XmlUnitOfWorkConstructorTest" storage="c:\pluralsight\myfiles\s3\pluralsight-mediasource\john-brown\modules\dpl-state\state\workitemadvanced.tests\bin\release\workitemadvanced.tests.dll" id="e07e87e0-a05d-4bb3-6d82-d9dd04ffafb9">
      <TestMethod codeBase="C:/Pluralsight/MyFiles/S3/pluralsight-mediasource/john-brown/modules/dpl-state/State/WorkItemAdvanced.Tests/bin/Release/WorkItemAdvanced.Tests.DLL" adapterTypeName="Microsoft.VisualStudio.TestTools.TestTypes.Unit.UnitTestAdapter, Microsoft.VisualStudio.QualityTools.Tips.UnitTest.Adapter, Version=10.0.0.0, Culture=neutral, PublicKeyToken=b03f5f7f11d50a3a" className="WorkItemAdvanced.Tests.XmlUnitOfWorkTest, WorkItemAdvanced.Tests, Version=1.0.0.0, Culture=neutral, PublicKeyToken=null" name="XmlUnitOfWorkConstructorTest" />
    </UnitTest>
    <UnitTest name="StateTest" storage="c:\pluralsight\myfiles\s3\pluralsight-mediasource\john-brown\modules\dpl-state\state\workitemadvanced.tests\bin\release\workitemadvanced.tests.dll" id="68279f75-e759-656d-c6b4-56970f499b41">
      <TestMethod codeBase="C:/Pluralsight/MyFiles/S3/pluralsight-mediasource/john-brown/modules/dpl-state/State/WorkItemAdvanced.Tests/bin/Release/WorkItemAdvanced.Tests.DLL" adapterTypeName="Microsoft.VisualStudio.TestTools.TestTypes.Unit.UnitTestAdapter, Microsoft.VisualStudio.QualityTools.Tips.UnitTest.Adapter, Version=10.0.0.0, Culture=neutral, PublicKeyToken=b03f5f7f11d50a3a" className="WorkItemAdvanced.Tests.WorkItemTest, WorkItemAdvanced.Tests, Version=1.0.0.0, Culture=neutral, PublicKeyToken=null" name="StateTest" />
    </UnitTest>
    <UnitTest name="CreateTest" storage="c:\pluralsight\myfiles\s3\pluralsight-mediasource\john-brown\modules\dpl-state\state\workitemadvanced.tests\bin\release\workitemadvanced.tests.dll" id="a4958714-ca88-0faf-380c-878683202784">
      <TestMethod codeBase="C:/Pluralsight/MyFiles/S3/pluralsight-mediasource/john-brown/modules/dpl-state/State/WorkItemAdvanced.Tests/bin/Release/WorkItemAdvanced.Tests.DLL" adapterTypeName="Microsoft.VisualStudio.TestTools.TestTypes.Unit.UnitTestAdapter, Microsoft.VisualStudio.QualityTools.Tips.UnitTest.Adapter, Version=10.0.0.0, Culture=neutral, PublicKeyToken=b03f5f7f11d50a3a" className="WorkItemAdvanced.Tests.WorkItemTest, WorkItemAdvanced.Tests, Version=1.0.0.0, Culture=neutral, PublicKeyToken=null" name="CreateTest" />
    </UnitTest>
    <UnitTest name="EntitiesTest" storage="c:\pluralsight\myfiles\s3\pluralsight-mediasource\john-brown\modules\dpl-state\state\workitemadvanced.tests\bin\release\workitemadvanced.tests.dll" id="cf11b2b8-6295-1059-94d2-fd1c29da7814">
      <TestMethod codeBase="C:/Pluralsight/MyFiles/S3/pluralsight-mediasource/john-brown/modules/dpl-state/State/WorkItemAdvanced.Tests/bin/Release/WorkItemAdvanced.Tests.DLL" adapterTypeName="Microsoft.VisualStudio.TestTools.TestTypes.Unit.UnitTestAdapter, Microsoft.VisualStudio.QualityTools.Tips.UnitTest.Adapter, Version=10.0.0.0, Culture=neutral, PublicKeyToken=b03f5f7f11d50a3a" className="WorkItemAdvanced.Tests.XmlUnitOfWorkTest, WorkItemAdvanced.Tests, Version=1.0.0.0, Culture=neutral, PublicKeyToken=null" name="EntitiesTest" />
    </UnitTest>
    <UnitTest name="FindByIdTest" storage="c:\pluralsight\myfiles\s3\pluralsight-mediasource\john-brown\modules\dpl-state\state\workitemadvanced.tests\bin\release\workitemadvanced.tests.dll" id="a1ce8c1f-1274-dfec-5ea2-d770f37be324">
      <TestMethod codeBase="C:/Pluralsight/MyFiles/S3/pluralsight-mediasource/john-brown/modules/dpl-state/State/WorkItemAdvanced.Tests/bin/Release/WorkItemAdvanced.Tests.DLL" adapterTypeName="Microsoft.VisualStudio.TestTools.TestTypes.Unit.UnitTestAdapter, Microsoft.VisualStudio.QualityTools.Tips.UnitTest.Adapter, Version=10.0.0.0, Culture=neutral, PublicKeyToken=b03f5f7f11d50a3a" className="WorkItemAdvanced.Tests.WorkItemTest, WorkItemAdvanced.Tests, Version=1.0.0.0, Culture=neutral, PublicKeyToken=null" name="FindByIdTest" />
    </UnitTest>
    <UnitTest name="CommitTest" storage="c:\pluralsight\myfiles\s3\pluralsight-mediasource\john-brown\modules\dpl-state\state\workitemadvanced.tests\bin\release\workitemadvanced.tests.dll" id="0730fe92-f377-2bf0-5266-46138ed8962d">
      <TestMethod codeBase="C:/Pluralsight/MyFiles/S3/pluralsight-mediasource/john-brown/modules/dpl-state/State/WorkItemAdvanced.Tests/bin/Release/WorkItemAdvanced.Tests.DLL" adapterTypeName="Microsoft.VisualStudio.TestTools.TestTypes.Unit.UnitTestAdapter, Microsoft.VisualStudio.QualityTools.Tips.UnitTest.Adapter, Version=10.0.0.0, Culture=neutral, PublicKeyToken=b03f5f7f11d50a3a" className="WorkItemAdvanced.Tests.XmlUnitOfWorkTest, WorkItemAdvanced.Tests, Version=1.0.0.0, Culture=neutral, PublicKeyToken=null" name="CommitTest" />
    </UnitTest>
    <UnitTest name="ReadXmlTest" storage="c:\pluralsight\myfiles\s3\pluralsight-mediasource\john-brown\modules\dpl-state\state\workitemadvanced.tests\bin\release\workitemadvanced.tests.dll" id="bc603ed5-57ba-5562-4250-6ff5e0724a6d">
      <DeploymentItems>
        <DeploymentItem filename="WorkItemAdvanced.exe" />
      </DeploymentItems>
      <TestMethod codeBase="C:/Pluralsight/MyFiles/S3/pluralsight-mediasource/john-brown/modules/dpl-state/State/WorkItemAdvanced.Tests/bin/Release/WorkItemAdvanced.Tests.DLL" adapterTypeName="Microsoft.VisualStudio.TestTools.TestTypes.Unit.UnitTestAdapter, Microsoft.VisualStudio.QualityTools.Tips.UnitTest.Adapter, Version=10.0.0.0, Culture=neutral, PublicKeyToken=b03f5f7f11d50a3a" className="WorkItemAdvanced.Tests.XmlUnitOfWorkTest, WorkItemAdvanced.Tests, Version=1.0.0.0, Culture=neutral, PublicKeyToken=null" name="ReadXmlTest" />
    </UnitTest>
  </TestDefinitions>
  <TestLists>
    <TestList name="Results Not in a List" id="8c84fa94-04c1-424b-9868-57a2d4851a1d" />
    <TestList name="All Loaded Results" id="19431567-8539-422a-85d7-44ee4e166bda" />
  </TestLists>
  <TestEntries>
    <TestEntry testId="a4958714-ca88-0faf-380c-878683202784" executionId="80b97149-8743-4596-b986-a87799a7e13f" testListId="8c84fa94-04c1-424b-9868-57a2d4851a1d" />
    <TestEntry testId="a1ce8c1f-1274-dfec-5ea2-d770f37be324" executionId="43891d85-9533-4c5a-a987-6d750298680b" testListId="8c84fa94-04c1-424b-9868-57a2d4851a1d" />
    <TestEntry testId="68279f75-e759-656d-c6b4-56970f499b41" executionId="b29cecb2-1709-48dd-8cce-a3c4ab957dd8" testListId="8c84fa94-04c1-424b-9868-57a2d4851a1d" />
    <TestEntry testId="0730fe92-f377-2bf0-5266-46138ed8962d" executionId="504c11ed-6f81-4525-bc42-0f429f784da5" testListId="8c84fa94-04c1-424b-9868-57a2d4851a1d" />
    <TestEntry testId="cf11b2b8-6295-1059-94d2-fd1c29da7814" executionId="81f76fd0-297c-4efb-b07f-e3d6aa8b85aa" testListId="8c84fa94-04c1-424b-9868-57a2d4851a1d" />
    <TestEntry testId="bc603ed5-57ba-5562-4250-6ff5e0724a6d" executionId="f0a9f5dd-8935-4355-ab1b-3969150e0f50" testListId="8c84fa94-04c1-424b-9868-57a2d4851a1d" />
    <TestEntry testId="e07e87e0-a05d-4bb3-6d82-d9dd04ffafb9" executionId="f88edc6c-cd91-4b67-868e-4860ac133d54" testListId="8c84fa94-04c1-424b-9868-57a2d4851a1d" />
  </TestEntries>
  <Results>
    <UnitTestResult executionId="80b97149-8743-4596-b986-a87799a7e13f" testId="a4958714-ca88-0faf-380c-878683202784" testName="CreateTest" computerName="BAMBOO" testType="13cdc9d9-ddb5-4fa4-a97d-d965ccfc6d4b" outcome="NotExecuted" testListId="8c84fa94-04c1-424b-9868-57a2d4851a1d" relativeResultsDirectory="80b97149-8743-4596-b986-a87799a7e13f">
    </UnitTestResult>
    <UnitTestResult executionId="43891d85-9533-4c5a-a987-6d750298680b" testId="a1ce8c1f-1274-dfec-5ea2-d770f37be324" testName="FindByIdTest" computerName="BAMBOO" testType="13cdc9d9-ddb5-4fa4-a97d-d965ccfc6d4b" outcome="NotExecuted" testListId="8c84fa94-04c1-424b-9868-57a2d4851a1d" relativeResultsDirectory="43891d85-9533-4c5a-a987-6d750298680b">
    </UnitTestResult>
    <UnitTestResult executionId="b29cecb2-1709-48dd-8cce-a3c4ab957dd8" testId="68279f75-e759-656d-c6b4-56970f499b41" testName="StateTest" computerName="BAMBOO" testType="13cdc9d9-ddb5-4fa4-a97d-d965ccfc6d4b" outcome="NotExecuted" testListId="8c84fa94-04c1-424b-9868-57a2d4851a1d" relativeResultsDirectory="b29cecb2-1709-48dd-8cce-a3c4ab957dd8">
    </UnitTestResult>
    <UnitTestResult executionId="504c11ed-6f81-4525-bc42-0f429f784da5" testId="0730fe92-f377-2bf0-5266-46138ed8962d" testName="CommitTest" computerName="BAMBOO" testType="13cdc9d9-ddb5-4fa4-a97d-d965ccfc6d4b" outcome="NotExecuted" testListId="8c84fa94-04c1-424b-9868-57a2d4851a1d" relativeResultsDirectory="504c11ed-6f81-4525-bc42-0f429f784da5">
    </UnitTestResult>
    <UnitTestResult executionId="81f76fd0-297c-4efb-b07f-e3d6aa8b85aa" testId="cf11b2b8-6295-1059-94d2-fd1c29da7814" testName="EntitiesTest" computerName="BAMBOO" testType="13cdc9d9-ddb5-4fa4-a97d-d965ccfc6d4b" outcome="NotExecuted" testListId="8c84fa94-04c1-424b-9868-57a2d4851a1d" relativeResultsDirectory="81f76fd0-297c-4efb-b07f-e3d6aa8b85aa">
    </UnitTestResult>
    <UnitTestResult executionId="f0a9f5dd-8935-4355-ab1b-3969150e0f50" testId="bc603ed5-57ba-5562-4250-6ff5e0724a6d" testName="ReadXmlTest" computerName="BAMBOO" testType="13cdc9d9-ddb5-4fa4-a97d-d965ccfc6d4b" outcome="NotExecuted" testListId="8c84fa94-04c1-424b-9868-57a2d4851a1d" relativeResultsDirectory="f0a9f5dd-8935-4355-ab1b-3969150e0f50">
    </UnitTestResult>
    <UnitTestResult executionId="f88edc6c-cd91-4b67-868e-4860ac133d54" testId="e07e87e0-a05d-4bb3-6d82-d9dd04ffafb9" testName="XmlUnitOfWorkConstructorTest" computerName="BAMBOO" testType="13cdc9d9-ddb5-4fa4-a97d-d965ccfc6d4b" outcome="NotExecuted" testListId="8c84fa94-04c1-424b-9868-57a2d4851a1d" relativeResultsDirectory="f88edc6c-cd91-4b67-868e-4860ac133d54">
    </UnitTestResult>
  </Results>
</TestRun>