<?xml version="1.0" encoding="UTF-8"?>
<TestRun id="fea21bb4-e39f-4a9d-bed9-1fe574374855" name="Stewart@BAMBOO 2010-12-15 22:54:09" runUser="Bamboo\Stewart" xmlns="http://microsoft.com/schemas/VisualStudio/TeamTest/2010">
  <TestSettings name="Local" id="85ae9a2e-8e5f-4e76-b3d4-cd6049cda4b6">
    <Description>These are default test settings for a local test run.</Description>
    <Deployment enabled="false" runDeploymentRoot="Stewart_BAMBOO 2010-12-15 22_54_09" />
    <Execution>
      <TestTypeSpecific />
      <AgentRule name="Execution Agents">
      </AgentRule>
    </Execution>
  </TestSettings>
  <Times creation="2010-12-15T22:54:09.1474957-05:00" queuing="2010-12-15T22:54:09.4025103-05:00" start="2010-12-15T22:54:09.5655197-05:00" finish="2010-12-15T22:54:09.8495359-05:00" />
  <ResultSummary outcome="Completed">
    <Counters total="1" executed="1" passed="1" error="0" failed="0" timeout="0" aborted="0" inconclusive="0" passedButRunAborted="0" notRunnable="0" notExecuted="0" disconnected="0" warning="0" completed="0" inProgress="0" pending="0" />
  </ResultSummary>
  <TestDefinitions>
    <UnitTest name="EntitiesTest" storage="c:\pluralsight\myfiles\s3\pluralsight-mediasource\john-brown\modules\dpl-state\state\workitemadvanced.tests\bin\debug\workitemadvanced.tests.dll" id="cf11b2b8-6295-1059-94d2-fd1c29da7814">
      <Execution timeOut="1800000" id="486557c8-d230-4f8f-b698-907c2ba2237e" />
      <TestMethod codeBase="C:/Pluralsight/MyFiles/S3/pluralsight-mediasource/john-brown/modules/dpl-state/State/WorkItemAdvanced.Tests/bin/Debug/WorkItemAdvanced.Tests.DLL" adapterTypeName="Microsoft.VisualStudio.TestTools.TestTypes.Unit.UnitTestAdapter, Microsoft.VisualStudio.QualityTools.Tips.UnitTest.Adapter, Version=10.0.0.0, Culture=neutral, PublicKeyToken=b03f5f7f11d50a3a" className="WorkItemAdvanced.Tests.XmlUnitOfWorkTest, WorkItemAdvanced.Tests, Version=1.0.0.0, Culture=neutral, PublicKeyToken=null" name="EntitiesTest" />
    </UnitTest>
  </TestDefinitions>
  <TestLists>
    <TestList name="Results Not in a List" id="8c84fa94-04c1-424b-9868-57a2d4851a1d" />
    <TestList name="All Loaded Results" id="19431567-8539-422a-85d7-44ee4e166bda" />
  </TestLists>
  <TestEntries>
    <TestEntry testId="cf11b2b8-6295-1059-94d2-fd1c29da7814" executionId="486557c8-d230-4f8f-b698-907c2ba2237e" testListId="8c84fa94-04c1-424b-9868-57a2d4851a1d" />
  </TestEntries>
  <Results>
    <UnitTestResult executionId="486557c8-d230-4f8f-b698-907c2ba2237e" testId="cf11b2b8-6295-1059-94d2-fd1c29da7814" testName="EntitiesTest" computerName="BAMBOO" duration="00:00:00.0859775" startTime="2010-12-15T22:54:09.6085221-05:00" endTime="2010-12-15T22:54:09.7815320-05:00" testType="13cdc9d9-ddb5-4fa4-a97d-d965ccfc6d4b" outcome="Passed" testListId="8c84fa94-04c1-424b-9868-57a2d4851a1d" relativeResultsDirectory="486557c8-d230-4f8f-b698-907c2ba2237e">
    </UnitTestResult>
  </Results>
</TestRun>