<?xml version="1.0" encoding="UTF-8"?>
<TestRun id="7f3fe603-0d34-42f9-8be1-db00abbc9938" name="Stewart@BAMBOO 2010-12-15 22:50:01" runUser="Bamboo\Stewart" xmlns="http://microsoft.com/schemas/VisualStudio/TeamTest/2010">
  <TestSettings name="Local" id="85ae9a2e-8e5f-4e76-b3d4-cd6049cda4b6">
    <Description>These are default test settings for a local test run.</Description>
    <Deployment enabled="false" runDeploymentRoot="Stewart_BAMBOO 2010-12-15 22_50_01" />
    <Execution>
      <TestTypeSpecific />
      <AgentRule name="Execution Agents">
      </AgentRule>
    </Execution>
  </TestSettings>
  <Times creation="2010-12-15T22:50:01.4263269-05:00" queuing="2010-12-15T22:50:01.6733410-05:00" start="2010-12-15T22:50:01.8403506-05:00" finish="2010-12-15T22:50:02.1413678-05:00" />
  <ResultSummary outcome="Warning">
    <Counters total="1" executed="1" passed="1" error="0" failed="0" timeout="0" aborted="0" inconclusive="0" passedButRunAborted="0" notRunnable="0" notExecuted="0" disconnected="0" warning="0" completed="0" inProgress="0" pending="0" />
    <RunInfos>
      <RunInfo computerName="BAMBOO" outcome="Warning" timestamp="2010-12-15T22:50:01.5323330-05:00">
        <Text>Deployment is currently disabled. The deployment item 'WorkItemAdvanced.exe' on test 'WorkItemAdvanced.Tests.XmlUnitOfWorkTest.ReadXmlTest' was not deployed.</Text>
      </RunInfo>
    </RunInfos>
  </ResultSummary>
  <TestDefinitions>
    <UnitTest name="ReadXmlTest" storage="c:\pluralsight\myfiles\s3\pluralsight-mediasource\john-brown\modules\dpl-state\state\workitemadvanced.tests\bin\debug\workitemadvanced.tests.dll" id="bc603ed5-57ba-5562-4250-6ff5e0724a6d">
      <Execution timeOut="1800000" id="fabd6a1f-bf71-4f72-92c4-7b20d49f2124" />
      <DeploymentItems>
        <DeploymentItem filename="WorkItemAdvanced.exe" />
      </DeploymentItems>
      <TestMethod codeBase="C:/Pluralsight/MyFiles/S3/pluralsight-mediasource/john-brown/modules/dpl-state/State/WorkItemAdvanced.Tests/bin/Debug/WorkItemAdvanced.Tests.DLL" adapterTypeName="Microsoft.VisualStudio.TestTools.TestTypes.Unit.UnitTestAdapter, Microsoft.VisualStudio.QualityTools.Tips.UnitTest.Adapter, Version=10.0.0.0, Culture=neutral, PublicKeyToken=b03f5f7f11d50a3a" className="WorkItemAdvanced.Tests.XmlUnitOfWorkTest, WorkItemAdvanced.Tests, Version=1.0.0.0, Culture=neutral, PublicKeyToken=null" name="ReadXmlTest" />
    </UnitTest>
  </TestDefinitions>
  <TestLists>
    <TestList name="Results Not in a List" id="8c84fa94-04c1-424b-9868-57a2d4851a1d" />
    <TestList name="All Loaded Results" id="19431567-8539-422a-85d7-44ee4e166bda" />
  </TestLists>
  <TestEntries>
    <TestEntry testId="bc603ed5-57ba-5562-4250-6ff5e0724a6d" executionId="fabd6a1f-bf71-4f72-92c4-7b20d49f2124" testListId="8c84fa94-04c1-424b-9868-57a2d4851a1d" />
  </TestEntries>
  <Results>
    <UnitTestResult executionId="fabd6a1f-bf71-4f72-92c4-7b20d49f2124" testId="bc603ed5-57ba-5562-4250-6ff5e0724a6d" testName="ReadXmlTest" computerName="BAMBOO" duration="00:00:00.1084236" startTime="2010-12-15T22:50:01.8803529-05:00" endTime="2010-12-15T22:50:02.0743640-05:00" testType="13cdc9d9-ddb5-4fa4-a97d-d965ccfc6d4b" outcome="Passed" testListId="8c84fa94-04c1-424b-9868-57a2d4851a1d" relativeResultsDirectory="fabd6a1f-bf71-4f72-92c4-7b20d49f2124">
    </UnitTestResult>
  </Results>
</TestRun>